app/build/intermediates/manifest_merge_blame_file/debug/manifest-merger-blame-debug-report.txt
1<?xml version="1.0" encoding="utf-8"?>
2<manifest xmlns:android="http://schemas.android.com/apk/res/android"
3    package="a.a.fixjadwal"
4    android:versionCode="1"
5    android:versionName="1.0" >
6
7    <uses-sdk
8        android:minSdkVersion="23"
8-->src/main/AndroidManifest.xml
9        android:targetSdkVersion="30" />
9-->src/main/AndroidManifest.xml
10
11    <uses-permission android:name="android.permission.INTERNET" />
11-->src/main/AndroidManifest.xml:5:5-66
11-->src/main/AndroidManifest.xml:5:22-64
12    <uses-permission android:name="android.permission.ACCESS_FINE_LOCATION" />
12-->src/main/AndroidManifest.xml:6:5-78
12-->src/main/AndroidManifest.xml:6:22-76
13    <uses-permission android:name="android.permission.ACCESS_COARSE_LOCATION" />
13-->src/main/AndroidManifest.xml:7:5-80
13-->src/main/AndroidManifest.xml:7:22-78
14    <uses-permission android:name="android.permission.ACCESS_NETWORK_STATE" />
14-->[io.nlopez.smartlocation:library:3.3.3] AndroidManifest.xml:13:5-79
14-->[io.nlopez.smartlocation:library:3.3.3] AndroidManifest.xml:13:22-76
15    <uses-permission android:name="com.google.android.providers.gsf.permission.READ_GSERVICES" />
15-->[io.nlopez.smartlocation:library:3.3.3] AndroidManifest.xml:15:5-98
15-->[io.nlopez.smartlocation:library:3.3.3] AndroidManifest.xml:15:22-95
16    <uses-permission android:name="com.google.android.gms.permission.ACTIVITY_RECOGNITION" />
16-->[io.nlopez.smartlocation:library:3.3.3] AndroidManifest.xml:16:5-94
16-->[io.nlopez.smartlocation:library:3.3.3] AndroidManifest.xml:16:22-91
17
18    <application
18-->src/main/AndroidManifest.xml:9:5-23:19
19        android:allowBackup="true"
19-->src/main/AndroidManifest.xml:10:9-35
20        android:appComponentFactory="androidx.core.app.CoreComponentFactory"
20-->[androidx.core:core:1.3.0] AndroidManifest.xml:24:18-86
21        android:debuggable="true"
22        android:extractNativeLibs="false"
23        android:icon="@mipmap/ic_launcher"
23-->src/main/AndroidManifest.xml:11:9-43
24        android:label="@string/app_name"
24-->src/main/AndroidManifest.xml:12:9-41
25        android:roundIcon="@mipmap/ic_launcher_round"
25-->src/main/AndroidManifest.xml:13:9-54
26        android:supportsRtl="true"
26-->src/main/AndroidManifest.xml:14:9-35
27        android:testOnly="true"
28        android:theme="@style/Theme.FixJadwal" >
28-->src/main/AndroidManifest.xml:15:9-47
29        <activity android:name="a.a.fixjadwal.view.activity.MainActivity" >
29-->src/main/AndroidManifest.xml:16:9-22:20
29-->src/main/AndroidManifest.xml:16:19-61
30            <intent-filter>
30-->src/main/AndroidManifest.xml:17:13-21:29
31                <action android:name="android.intent.action.MAIN" />
31-->src/main/AndroidManifest.xml:18:17-69
31-->src/main/AndroidManifest.xml:18:25-66
32
33                <category android:name="android.intent.category.LAUNCHER" />
33-->src/main/AndroidManifest.xml:20:17-77
33-->src/main/AndroidManifest.xml:20:27-74
34            </intent-filter>
35        </activity>
36        <activity
36-->[com.intentfilter:android-permissions:2.0.54] AndroidManifest.xml:12:9-15:59
37            android:name="com.intentfilter.androidpermissions.PermissionsActivity"
37-->[com.intentfilter:android-permissions:2.0.54] AndroidManifest.xml:13:13-83
38            android:excludeFromRecents="true"
38-->[com.intentfilter:android-permissions:2.0.54] AndroidManifest.xml:14:13-46
39            android:theme="@style/AppTheme.Transparent" />
39-->[com.intentfilter:android-permissions:2.0.54] AndroidManifest.xml:15:13-56
40
41        <service
41-->[io.nlopez.smartlocation:library:3.3.3] AndroidManifest.xml:19:9-21:40
42            android:name="io.nlopez.smartlocation.activity.providers.ActivityGooglePlayServicesProvider$ActivityRecognitionService"
42-->[io.nlopez.smartlocation:library:3.3.3] AndroidManifest.xml:20:13-132
43            android:exported="false" />
43-->[io.nlopez.smartlocation:library:3.3.3] AndroidManifest.xml:21:13-37
44        <service
44-->[io.nlopez.smartlocation:library:3.3.3] AndroidManifest.xml:22:9-24:40
45            android:name="io.nlopez.smartlocation.geofencing.providers.GeofencingGooglePlayServicesProvider$GeofencingService"
45-->[io.nlopez.smartlocation:library:3.3.3] AndroidManifest.xml:23:13-127
46            android:exported="false" />
46-->[io.nlopez.smartlocation:library:3.3.3] AndroidManifest.xml:24:13-37
47        <service
47-->[io.nlopez.smartlocation:library:3.3.3] AndroidManifest.xml:25:9-27:40
48            android:name="io.nlopez.smartlocation.geocoding.providers.AndroidGeocodingProvider$AndroidGeocodingService"
48-->[io.nlopez.smartlocation:library:3.3.3] AndroidManifest.xml:26:13-120
49            android:exported="false" />
49-->[io.nlopez.smartlocation:library:3.3.3] AndroidManifest.xml:27:13-37
50
51        <activity
51-->[com.google.android.gms:play-services-base:11.4.2] AndroidManifest.xml:19:9-172
52            android:name="com.google.android.gms.common.api.GoogleApiActivity"
52-->[com.google.android.gms:play-services-base:11.4.2] AndroidManifest.xml:19:19-85
53            android:exported="false"
53-->[com.google.android.gms:play-services-base:11.4.2] AndroidManifest.xml:19:146-170
54            android:theme="@android:style/Theme.Translucent.NoTitleBar" />
54-->[com.google.android.gms:play-services-base:11.4.2] AndroidManifest.xml:19:86-145
55
56        <meta-data
56-->[com.google.android.gms:play-services-basement:11.4.2] AndroidManifest.xml:20:9-121
57            android:name="com.google.android.gms.version"
57-->[com.google.android.gms:play-services-basement:11.4.2] AndroidManifest.xml:20:20-65
58            android:value="@integer/google_play_services_version" />
58-->[com.google.android.gms:play-services-basement:11.4.2] AndroidManifest.xml:20:66-119
59    </application>
60
61</manifest>